<?xml version="1.0" encoding="UTF-8"?>
<testsuite xmlns:xsi="http://www.w3.org/2001/XMLSchema-instance" xsi:noNamespaceSchemaLocation="https://maven.apache.org/surefire/maven-surefire-plugin/xsd/surefire-test-report.xsd" version="3.0.2" name="com.industria.cafeeira.CafeeiraApplicationTests" time="9.408" tests="1" errors="0" skipped="0" failures="0">
  <properties>
[...]
</properties>
  <testcase name="contextLoads" classname="com.industria.cafeeira.CafeeiraApplicationTests" time="0.582">
    <system-out><![CDATA[19:58:42.334 [main] INFO org.springframework.test.context.support.AnnotationConfigContextLoaderUtils -- Could not detect default configuration classes for test class [com.industria.cafeeira.CafeeiraApplicationTests]: CafeeiraApplicationTests does not declare any static, non-private, non-final, nested classes annotated with @Configuration.
19:58:42.620 [main] INFO org.springframework.boot.test.context.SpringBootTestContextBootstrapper -- Found @SpringBootConfiguration com.industria.cafeeira.CafeeiraApplication for test class com.industria.cafeeira.CafeeiraApplicationTests

  .   ____          _            __ _ _
 /\\ / ___'_ __ _ _(_)_ __  __ _ \ \ \ \
( ( )\___ | '_ | '_| | '_ \/ _` | \ \ \ \
 \\/  ___)| |_)| | | | | || (_| |  ) ) ) )
  '  |____| .__|_| |_|_| |_\__, | / / / /
 =========|_|==============|___/=/_/_/_/

 :: Spring Boot ::                (v3.5.7)

2025-11-22T19:58:43.649-03:00  INFO 8908 --- [cafeeira] [           main] c.i.cafeeira.CafeeiraApplicationTests    : Starting CafeeiraApplicationTests using Java 21.0.7 with PID 8908 (started by isabe in C:\Users\isabe\OneDrive\Documents\industria)
2025-11-22T19:58:43.651-03:00  INFO 8908 --- [cafeeira] [           main] c.i.cafeeira.CafeeiraApplicationTests    : No active profile set, falling back to 1 default profile: "default"
2025-11-22T19:58:44.865-03:00  INFO 8908 --- [cafeeira] [           main] .s.d.r.c.RepositoryConfigurationDelegate : Bootstrapping Spring Data JPA repositories in DEFAULT mode.
2025-11-22T19:58:45.104-03:00  INFO 8908 --- [cafeeira] [           main] .s.d.r.c.RepositoryConfigurationDelegate : Finished Spring Data repository scanning in 223 ms. Found 2 JPA repository interfaces.
2025-11-22T19:58:45.952-03:00  INFO 8908 --- [cafeeira] [           main] o.hibernate.jpa.internal.util.LogHelper  : HHH000204: Processing PersistenceUnitInfo [name: default]
2025-11-22T19:58:46.074-03:00  INFO 8908 --- [cafeeira] [           main] org.hibernate.Version                    : HHH000412: Hibernate ORM core version 6.6.33.Final
2025-11-22T19:58:46.161-03:00  INFO 8908 --- [cafeeira] [           main] o.h.c.internal.RegionFactoryInitiator    : HHH000026: Second-level cache disabled
2025-11-22T19:58:46.909-03:00  INFO 8908 --- [cafeeira] [           main] o.s.o.j.p.SpringPersistenceUnitInfo      : No LoadTimeWeaver setup: ignoring JPA class transformer
2025-11-22T19:58:46.997-03:00  INFO 8908 --- [cafeeira] [           main] com.zaxxer.hikari.HikariDataSource       : HikariPool-1 - Starting...
2025-11-22T19:58:47.428-03:00  INFO 8908 --- [cafeeira] [           main] com.zaxxer.hikari.pool.HikariPool        : HikariPool-1 - Added connection conn0: url=jdbc:h2:file:./data/cafeeira user=SA
2025-11-22T19:58:47.430-03:00  INFO 8908 --- [cafeeira] [           main] com.zaxxer.hikari.HikariDataSource       : HikariPool-1 - Start completed.
2025-11-22T19:58:47.555-03:00  INFO 8908 --- [cafeeira] [           main] org.hibernate.orm.connections.pooling    : HHH10001005: Database info:
	Database JDBC URL [Connecting through datasource 'HikariDataSource (HikariPool-1)']
	Database driver: undefined/unknown
	Database version: 2.3.232
	Autocommit mode: undefined/unknown
	Isolation level: undefined/unknown
	Minimum pool size: undefined/unknown
	Maximum pool size: undefined/unknown
2025-11-22T19:58:49.123-03:00  INFO 8908 --- [cafeeira] [           main] o.h.e.t.j.p.i.JtaPlatformInitiator       : HHH000489: No JTA platform available (set 'hibernate.transaction.jta.platform' to enable JTA platform integration)
2025-11-22T19:58:49.206-03:00  INFO 8908 --- [cafeeira] [           main] j.LocalContainerEntityManagerFactoryBean : Initialized JPA EntityManagerFactory for persistence unit 'default'
2025-11-22T19:58:50.092-03:00  WARN 8908 --- [cafeeira] [           main] JpaBaseConfiguration$JpaWebConfiguration : spring.jpa.open-in-view is enabled by default. Therefore, database queries may be performed during view rendering. Explicitly configure spring.jpa.open-in-view to disable this warning
2025-11-22T19:58:50.709-03:00  INFO 8908 --- [cafeeira] [           main] o.s.b.a.h2.H2ConsoleAutoConfiguration    : H2 console available at '/h2-console'. Database available at 'jdbc:h2:file:./data/cafeeira'
2025-11-22T19:58:50.821-03:00  INFO 8908 --- [cafeeira] [           main] c.i.cafeeira.CafeeiraApplicationTests    : Started CafeeiraApplicationTests in 7.733 seconds (process running for 9.727)
]]></system-out>
    <system-err><![CDATA[Mockito is currently self-attaching to enable the inline-mock-maker. This will no longer work in future releases of the JDK. Please add Mockito as an agent to your build as described in Mockito's documentation: https://javadoc.io/doc/org.mockito/mockito-core/latest/org.mockito/org/mockito/Mockito.html#0.3
WARNING: A Java agent has been loaded dynamically (C:\Users\isabe\.m2\repository\net\bytebuddy\byte-buddy-agent\1.17.8\byte-buddy-agent-1.17.8.jar)
WARNING: If a serviceability tool is in use, please run with -XX:+EnableDynamicAgentLoading to hide this warning
WARNING: If a serviceability tool is not in use, please run with -Djdk.instrument.traceUsage for more information
WARNING: Dynamic loading of agents will be disallowed by default in a future release
]]></system-err>
  </testcase>
</testsuite>